::::::::::::::
stl-template-list.cpp
::::::::::::::
// $Id: stl-template-list.cpp,v 1.5 2019-01-31 18:16:28-08 - - $

#include <iostream>
#include <list>
using namespace std;

int main() {
   list<int> li {1, 2, 3, 4, 5};
   size_t maxcount = 20;
   cout << &li << "[" << sizeof li << "]" << endl;
   cout << "li.cbegin() = " << &*li.cbegin() << endl;
   cout << "li.cend() = " << &*li.cend() << endl;
   for (auto i = li.cbegin(); maxcount-- > 0; ++i) {
      cout << &*i << " -> " << *i << endl;
   }
}

/*
//TEST// stl-template-list >stl-template-list.out 2>&1
//TEST// more stl-template-list.cpp stl-template-list.out \
//TEST//      >stl-template-list.lis 2>&1 </dev/null
//TEST// mkpspdf stl-template-list.ps stl-template-list.lis
*/

::::::::::::::
stl-template-list.out
::::::::::::::
0x7fffa450ba80[16]
li.cbegin() = 0x22c6020
li.cend() = 0x7fffa450ba90
0x22c6020 -> 1
0x22c6040 -> 2
0x22c6060 -> 3
0x22c6080 -> 4
0x22c60a0 -> 5
0x7fffa450ba90 -> 2
0x22c6020 -> 1
0x22c6040 -> 2
0x22c6060 -> 3
0x22c6080 -> 4
0x22c60a0 -> 5
0x7fffa450ba90 -> 2
0x22c6020 -> 1
0x22c6040 -> 2
0x22c6060 -> 3
0x22c6080 -> 4
0x22c60a0 -> 5
0x7fffa450ba90 -> 2
0x22c6020 -> 1
0x22c6040 -> 2
